<?xml version="1.0" encoding="UTF-8"?>
<testng-results ignored="0" total="1" passed="1" failed="0" skipped="0">
  <reporter-output>
  </reporter-output>
  <suite started-at="2023-06-20T09:51:12 IST" name="Default suite" finished-at="2023-06-20T09:51:12 IST" duration-ms="146">
    <groups>
    </groups>
    <test started-at="2023-06-20T09:51:12 IST" name="Default test" finished-at="2023-06-20T09:51:12 IST" duration-ms="146">
      <class name="TestDemoMaven.TestDemoMaven.AppTest">
        <test-method signature="shouldAnswerWithTrue()[pri:0, instance:TestDemoMaven.TestDemoMaven.AppTest@235834f2]" started-at="2023-06-20T09:51:12 IST" name="shouldAnswerWithTrue" finished-at="2023-06-20T09:51:12 IST" duration-ms="21" status="PASS">
          <reporter-output>
          </reporter-output>
        </test-method> <!-- shouldAnswerWithTrue -->
      </class> <!-- TestDemoMaven.TestDemoMaven.AppTest -->
    </test> <!-- Default test -->
  </suite> <!-- Default suite -->
</testng-results>
